<?xml version="1.0" encoding="utf-8"?>
<TestRun id="a0e4a92f-a971-4def-9005-5f37d1091f29" name="@WPP-SEHERNANDEZC 2024-04-09 13:14:16" xmlns="http://microsoft.com/schemas/VisualStudio/TeamTest/2010">
  <Times creation="2024-04-09T13:14:16.6760105+02:00" queuing="2024-04-09T13:14:16.6760105+02:00" start="2024-04-09T13:14:15.7184251+02:00" finish="2024-04-09T13:14:16.6847099+02:00" />
  <TestSettings name="default" id="8684b2ae-3c77-4c8c-980d-4d878f2be8cc">
    <Deployment runDeploymentRoot="_WPP-SEHERNANDEZC_2024-04-09_13_14_16" />
  </TestSettings>
  <Results>
    <UnitTestResult executionId="0f58c208-55cd-498a-bb78-f4f5f6ee7950" testId="b79f7ba0-eef9-fef7-9bfb-268e55c93abd" testName="Chat.Server.Tests.ChatUsersControllerTests.GetAsyncChatMessage_ShouldBeNull_IfUserNotExists" computerName="WPP-SEHERNANDEZC" duration="00:00:00.3817242" startTime="2024-04-09T13:14:16.5201099+02:00" endTime="2024-04-09T13:14:16.5201220+02:00" testType="13cdc9d9-ddb5-4fa4-a97d-d965ccfc6d4b" outcome="Passed" testListId="8c84fa94-04c1-424b-9868-57a2d4851a1d" relativeResultsDirectory="0f58c208-55cd-498a-bb78-f4f5f6ee7950" />
    <UnitTestResult executionId="2bcb5fcc-8217-4db4-89de-274e86ba222c" testId="0deab32b-efae-a43c-a31c-fb6f85c70015" testName="Chat.Server.Tests.ChatMessagesControllerTests.GetAsyncChatMessage_ShouldBe2MessagesMessage" computerName="WPP-SEHERNANDEZC" duration="00:00:00.0578185" startTime="2024-04-09T13:14:16.5783465+02:00" endTime="2024-04-09T13:14:16.5783466+02:00" testType="13cdc9d9-ddb5-4fa4-a97d-d965ccfc6d4b" outcome="Passed" testListId="8c84fa94-04c1-424b-9868-57a2d4851a1d" relativeResultsDirectory="2bcb5fcc-8217-4db4-89de-274e86ba222c" />
    <UnitTestResult executionId="ea120670-16f9-4cf8-bac6-6f226606eb2b" testId="d8e56cae-7b41-2863-33eb-9ca5db0740cf" testName="Chat.Server.Tests.ChatUsersControllerTests.GetAsyncChatMessage_ShouldBeNull_IfUserExistsButWorngPassword" computerName="WPP-SEHERNANDEZC" duration="00:00:00.0503438" startTime="2024-04-09T13:14:16.5707201+02:00" endTime="2024-04-09T13:14:16.5707202+02:00" testType="13cdc9d9-ddb5-4fa4-a97d-d965ccfc6d4b" outcome="Passed" testListId="8c84fa94-04c1-424b-9868-57a2d4851a1d" relativeResultsDirectory="ea120670-16f9-4cf8-bac6-6f226606eb2b" />
    <UnitTestResult executionId="02de1cc6-806b-49fb-9e0f-cc475f05d3b4" testId="0a19cf0b-1a3e-9adb-11f4-6773cd136ef1" testName="Chat.Server.Tests.ChatUsersControllerTests.PostAsyncChatMessage_ShouldBeSameNameAndPassword_IfUserNotExists" computerName="WPP-SEHERNANDEZC" duration="00:00:00.0060596" startTime="2024-04-09T13:14:16.5890891+02:00" endTime="2024-04-09T13:14:16.5890892+02:00" testType="13cdc9d9-ddb5-4fa4-a97d-d965ccfc6d4b" outcome="Passed" testListId="8c84fa94-04c1-424b-9868-57a2d4851a1d" relativeResultsDirectory="02de1cc6-806b-49fb-9e0f-cc475f05d3b4" />
    <UnitTestResult executionId="a532c491-a86c-47a9-bdb7-435f4c20e1d9" testId="9c1e5ad7-76a6-deb2-28fd-c684e4634056" testName="Chat.Server.Tests.ChatUsersControllerTests.GetAsyncChatMessage_ShouldBeSameNameAndPassword_IfUserExists" computerName="WPP-SEHERNANDEZC" duration="00:00:00.0120111" startTime="2024-04-09T13:14:16.5827979+02:00" endTime="2024-04-09T13:14:16.5827980+02:00" testType="13cdc9d9-ddb5-4fa4-a97d-d965ccfc6d4b" outcome="Passed" testListId="8c84fa94-04c1-424b-9868-57a2d4851a1d" relativeResultsDirectory="a532c491-a86c-47a9-bdb7-435f4c20e1d9" />
    <UnitTestResult executionId="e24ba74f-d566-40f9-98c4-fe71278ccfbd" testId="405f07c1-84b4-9dd7-36cf-0440ded0c589" testName="Chat.Server.Tests.ChatMessagesControllerTests.PostAsyncChatMessage_ShouldBeMessage" computerName="WPP-SEHERNANDEZC" duration="00:00:00.3802186" startTime="2024-04-09T13:14:16.5223042+02:00" endTime="2024-04-09T13:14:16.5223043+02:00" testType="13cdc9d9-ddb5-4fa4-a97d-d965ccfc6d4b" outcome="Passed" testListId="8c84fa94-04c1-424b-9868-57a2d4851a1d" relativeResultsDirectory="e24ba74f-d566-40f9-98c4-fe71278ccfbd" />
  </Results>
  <TestDefinitions>
    <UnitTest name="Chat.Server.Tests.ChatUsersControllerTests.GetAsyncChatMessage_ShouldBeNull_IfUserExistsButWorngPassword" storage="/home/sehernandezc/sergio/cursos_.net_testing_de_aplicaciones.net_con_xunit_y_moq2024/modulo 6  temas adicionales, tipologia, tdd, cobertura/practicas y descargas/lab.240-ejercicio de prácticas/test/chat.server.tests/bin/debug/net9.0/chat.server.tests.dll" id="d8e56cae-7b41-2863-33eb-9ca5db0740cf">
      <Execution id="ea120670-16f9-4cf8-bac6-6f226606eb2b" />
      <TestMethod codeBase="/home/sehernandezc/sergio/Cursos_.NET_Testing_de_aplicaciones.NET_con_xUnit_y_Moq2024/Modulo 6  temas adicionales, tipologia, TDD, cobertura/Practicas y Descargas/Lab.240-Ejercicio de prácticas/test/Chat.Server.Tests/bin/Debug/net9.0/Chat.Server.Tests.dll" adapterTypeName="executor://xunit/VsTestRunner2/netcoreapp" className="Chat.Server.Tests.ChatUsersControllerTests" name="GetAsyncChatMessage_ShouldBeNull_IfUserExistsButWorngPassword" />
    </UnitTest>
    <UnitTest name="Chat.Server.Tests.ChatMessagesControllerTests.GetAsyncChatMessage_ShouldBe2MessagesMessage" storage="/home/sehernandezc/sergio/cursos_.net_testing_de_aplicaciones.net_con_xunit_y_moq2024/modulo 6  temas adicionales, tipologia, tdd, cobertura/practicas y descargas/lab.240-ejercicio de prácticas/test/chat.server.tests/bin/debug/net9.0/chat.server.tests.dll" id="0deab32b-efae-a43c-a31c-fb6f85c70015">
      <Execution id="2bcb5fcc-8217-4db4-89de-274e86ba222c" />
      <TestMethod codeBase="/home/sehernandezc/sergio/Cursos_.NET_Testing_de_aplicaciones.NET_con_xUnit_y_Moq2024/Modulo 6  temas adicionales, tipologia, TDD, cobertura/Practicas y Descargas/Lab.240-Ejercicio de prácticas/test/Chat.Server.Tests/bin/Debug/net9.0/Chat.Server.Tests.dll" adapterTypeName="executor://xunit/VsTestRunner2/netcoreapp" className="Chat.Server.Tests.ChatMessagesControllerTests" name="GetAsyncChatMessage_ShouldBe2MessagesMessage" />
    </UnitTest>
    <UnitTest name="Chat.Server.Tests.ChatUsersControllerTests.PostAsyncChatMessage_ShouldBeSameNameAndPassword_IfUserNotExists" storage="/home/sehernandezc/sergio/cursos_.net_testing_de_aplicaciones.net_con_xunit_y_moq2024/modulo 6  temas adicionales, tipologia, tdd, cobertura/practicas y descargas/lab.240-ejercicio de prácticas/test/chat.server.tests/bin/debug/net9.0/chat.server.tests.dll" id="0a19cf0b-1a3e-9adb-11f4-6773cd136ef1">
      <Execution id="02de1cc6-806b-49fb-9e0f-cc475f05d3b4" />
      <TestMethod codeBase="/home/sehernandezc/sergio/Cursos_.NET_Testing_de_aplicaciones.NET_con_xUnit_y_Moq2024/Modulo 6  temas adicionales, tipologia, TDD, cobertura/Practicas y Descargas/Lab.240-Ejercicio de prácticas/test/Chat.Server.Tests/bin/Debug/net9.0/Chat.Server.Tests.dll" adapterTypeName="executor://xunit/VsTestRunner2/netcoreapp" className="Chat.Server.Tests.ChatUsersControllerTests" name="PostAsyncChatMessage_ShouldBeSameNameAndPassword_IfUserNotExists" />
    </UnitTest>
    <UnitTest name="Chat.Server.Tests.ChatUsersControllerTests.GetAsyncChatMessage_ShouldBeNull_IfUserNotExists" storage="/home/sehernandezc/sergio/cursos_.net_testing_de_aplicaciones.net_con_xunit_y_moq2024/modulo 6  temas adicionales, tipologia, tdd, cobertura/practicas y descargas/lab.240-ejercicio de prácticas/test/chat.server.tests/bin/debug/net9.0/chat.server.tests.dll" id="b79f7ba0-eef9-fef7-9bfb-268e55c93abd">
      <Execution id="0f58c208-55cd-498a-bb78-f4f5f6ee7950" />
      <TestMethod codeBase="/home/sehernandezc/sergio/Cursos_.NET_Testing_de_aplicaciones.NET_con_xUnit_y_Moq2024/Modulo 6  temas adicionales, tipologia, TDD, cobertura/Practicas y Descargas/Lab.240-Ejercicio de prácticas/test/Chat.Server.Tests/bin/Debug/net9.0/Chat.Server.Tests.dll" adapterTypeName="executor://xunit/VsTestRunner2/netcoreapp" className="Chat.Server.Tests.ChatUsersControllerTests" name="GetAsyncChatMessage_ShouldBeNull_IfUserNotExists" />
    </UnitTest>
    <UnitTest name="Chat.Server.Tests.ChatMessagesControllerTests.PostAsyncChatMessage_ShouldBeMessage" storage="/home/sehernandezc/sergio/cursos_.net_testing_de_aplicaciones.net_con_xunit_y_moq2024/modulo 6  temas adicionales, tipologia, tdd, cobertura/practicas y descargas/lab.240-ejercicio de prácticas/test/chat.server.tests/bin/debug/net9.0/chat.server.tests.dll" id="405f07c1-84b4-9dd7-36cf-0440ded0c589">
      <Execution id="e24ba74f-d566-40f9-98c4-fe71278ccfbd" />
      <TestMethod codeBase="/home/sehernandezc/sergio/Cursos_.NET_Testing_de_aplicaciones.NET_con_xUnit_y_Moq2024/Modulo 6  temas adicionales, tipologia, TDD, cobertura/Practicas y Descargas/Lab.240-Ejercicio de prácticas/test/Chat.Server.Tests/bin/Debug/net9.0/Chat.Server.Tests.dll" adapterTypeName="executor://xunit/VsTestRunner2/netcoreapp" className="Chat.Server.Tests.ChatMessagesControllerTests" name="PostAsyncChatMessage_ShouldBeMessage" />
    </UnitTest>
    <UnitTest name="Chat.Server.Tests.ChatUsersControllerTests.GetAsyncChatMessage_ShouldBeSameNameAndPassword_IfUserExists" storage="/home/sehernandezc/sergio/cursos_.net_testing_de_aplicaciones.net_con_xunit_y_moq2024/modulo 6  temas adicionales, tipologia, tdd, cobertura/practicas y descargas/lab.240-ejercicio de prácticas/test/chat.server.tests/bin/debug/net9.0/chat.server.tests.dll" id="9c1e5ad7-76a6-deb2-28fd-c684e4634056">
      <Execution id="a532c491-a86c-47a9-bdb7-435f4c20e1d9" />
      <TestMethod codeBase="/home/sehernandezc/sergio/Cursos_.NET_Testing_de_aplicaciones.NET_con_xUnit_y_Moq2024/Modulo 6  temas adicionales, tipologia, TDD, cobertura/Practicas y Descargas/Lab.240-Ejercicio de prácticas/test/Chat.Server.Tests/bin/Debug/net9.0/Chat.Server.Tests.dll" adapterTypeName="executor://xunit/VsTestRunner2/netcoreapp" className="Chat.Server.Tests.ChatUsersControllerTests" name="GetAsyncChatMessage_ShouldBeSameNameAndPassword_IfUserExists" />
    </UnitTest>
  </TestDefinitions>
  <TestEntries>
    <TestEntry testId="b79f7ba0-eef9-fef7-9bfb-268e55c93abd" executionId="0f58c208-55cd-498a-bb78-f4f5f6ee7950" testListId="8c84fa94-04c1-424b-9868-57a2d4851a1d" />
    <TestEntry testId="0deab32b-efae-a43c-a31c-fb6f85c70015" executionId="2bcb5fcc-8217-4db4-89de-274e86ba222c" testListId="8c84fa94-04c1-424b-9868-57a2d4851a1d" />
    <TestEntry testId="d8e56cae-7b41-2863-33eb-9ca5db0740cf" executionId="ea120670-16f9-4cf8-bac6-6f226606eb2b" testListId="8c84fa94-04c1-424b-9868-57a2d4851a1d" />
    <TestEntry testId="0a19cf0b-1a3e-9adb-11f4-6773cd136ef1" executionId="02de1cc6-806b-49fb-9e0f-cc475f05d3b4" testListId="8c84fa94-04c1-424b-9868-57a2d4851a1d" />
    <TestEntry testId="9c1e5ad7-76a6-deb2-28fd-c684e4634056" executionId="a532c491-a86c-47a9-bdb7-435f4c20e1d9" testListId="8c84fa94-04c1-424b-9868-57a2d4851a1d" />
    <TestEntry testId="405f07c1-84b4-9dd7-36cf-0440ded0c589" executionId="e24ba74f-d566-40f9-98c4-fe71278ccfbd" testListId="8c84fa94-04c1-424b-9868-57a2d4851a1d" />
  </TestEntries>
  <TestLists>
    <TestList name="Results Not in a List" id="8c84fa94-04c1-424b-9868-57a2d4851a1d" />
    <TestList name="All Loaded Results" id="19431567-8539-422a-85d7-44ee4e166bda" />
  </TestLists>
  <ResultSummary outcome="Completed">
    <Counters total="6" executed="6" passed="6" failed="0" error="0" timeout="0" aborted="0" inconclusive="0" passedButRunAborted="0" notRunnable="0" notExecuted="0" disconnected="0" warning="0" completed="0" inProgress="0" pending="0" />
    <Output>
      <StdOut>[xUnit.net 00:00:00.00] xUnit.net VSTest Adapter v2.5.4.1+b9eacec401 (64-bit .NET 9.0.0-preview.2.24128.5)
[xUnit.net 00:00:00.06]   Discovering: Chat.Server.Tests
[xUnit.net 00:00:00.08]   Discovered:  Chat.Server.Tests
[xUnit.net 00:00:00.08]   Starting:    Chat.Server.Tests
[xUnit.net 00:00:00.56]   Finished:    Chat.Server.Tests
</StdOut>
    </Output>
  </ResultSummary>
</TestRun>